# JRE version: OpenJDK Runtime Environment Temurin-17.0.3+7 (17.0.3+7) (build 17.0.3+7)
# Java VM: OpenJDK 64-Bit Server VM Temurin-17.0.3+7 (17.0.3+7, mixed mode, tiered, compressed oops, compressed class ptrs, g1 gc, windows-amd64)
GC Precious Log:
 CPUs: 8 total, 8 available
 Memory: 7880M
 Large Page Support: Disabled
 NUMA Support: Disabled
 Compressed Oops: Enabled (32-bit)
 Heap Region Size: 1M
 Heap Min Capacity: 8M
 Heap Initial Capacity: 124M
 Heap Max Capacity: 1972M
 Pre-touch: Disabled
 Parallel Workers: 8
 Concurrent Workers: 2
 Concurrent Refinement Workers: 8
 Periodic GC: Disabled
Heap:
 garbage-first heap   total 29696K, used 16502K [0x0000000084c00000, 0x0000000100000000)
  region size 1024K, 3 young (3072K), 2 survivors (2048K)
 Metaspace       used 46789K, committed 47168K, reserved 1097728K
  class space    used 5138K, committed 5312K, reserved 1048576K
GC Heap History (20 events):
Event: 4.848 GC heap before
{Heap before GC invocations=9 (full 0):
 garbage-first heap   total 27648K, used 20673K [0x0000000084c00000, 0x0000000100000000)
  region size 1024K, 10 young (10240K), 2 survivors (2048K)
 Metaspace       used 34914K, committed 35264K, reserved 1081344K
  class space    used 3976K, committed 4160K, reserved 1048576K
}
Event: 4.850 GC heap after
{Heap after GC invocations=10 (full 0):
 garbage-first heap   total 27648K, used 13073K [0x0000000084c00000, 0x0000000100000000)
  region size 1024K, 1 young (1024K), 1 survivors (1024K)
 Metaspace       used 34914K, committed 35264K, reserved 1081344K
  class space    used 3976K, committed 4160K, reserved 1048576K
}
Event: 5.110 GC heap before
{Heap before GC invocations=10 (full 0):
 garbage-first heap   total 27648K, used 18193K [0x0000000084c00000, 0x0000000100000000)
  region size 1024K, 7 young (7168K), 1 survivors (1024K)
 Metaspace       used 35663K, committed 35968K, reserved 1081344K
  class space    used 4071K, committed 4224K, reserved 1048576K
}
Event: 5.113 GC heap after
{Heap after GC invocations=11 (full 0):
 garbage-first heap   total 27648K, used 13636K [0x0000000084c00000, 0x0000000100000000)
  region size 1024K, 2 young (2048K), 2 survivors (2048K)
 Metaspace       used 35663K, committed 35968K, reserved 1081344K
  class space    used 4071K, committed 4224K, reserved 1048576K
}
Event: 5.446 GC heap before
{Heap before GC invocations=12 (full 0):
 garbage-first heap   total 27648K, used 20804K [0x0000000084c00000, 0x0000000100000000)
  region size 1024K, 9 young (9216K), 2 survivors (2048K)
 Metaspace       used 37067K, committed 37504K, reserved 1089536K
  class space    used 4263K, committed 4480K, reserved 1048576K
}
Event: 5.449 GC heap after
{Heap after GC invocations=13 (full 0):
 garbage-first heap   total 27648K, used 14507K [0x0000000084c00000, 0x0000000100000000)
  region size 1024K, 2 young (2048K), 2 survivors (2048K)
 Metaspace       used 37067K, committed 37504K, reserved 1089536K
  class space    used 4263K, committed 4480K, reserved 1048576K
}
Event: 26.561 GC heap before
{Heap before GC invocations=13 (full 0):
 garbage-first heap   total 27648K, used 20651K [0x0000000084c00000, 0x0000000100000000)
  region size 1024K, 8 young (8192K), 2 survivors (2048K)
 Metaspace       used 38720K, committed 39040K, reserved 1089536K
  class space    used 4459K, committed 4608K, reserved 1048576K
}
Event: 26.569 GC heap after
{Heap after GC invocations=14 (full 0):
 garbage-first heap   total 27648K, used 15218K [0x0000000084c00000, 0x0000000100000000)
  region size 1024K, 1 young (1024K), 1 survivors (1024K)
 Metaspace       used 38720K, committed 39040K, reserved 1089536K
  class space    used 4459K, committed 4608K, reserved 1048576K
}
Event: 26.848 GC heap before
{Heap before GC invocations=15 (full 0):
 garbage-first heap   total 29696K, used 19314K [0x0000000084c00000, 0x0000000100000000)
  region size 1024K, 6 young (6144K), 1 survivors (1024K)
 Metaspace       used 40278K, committed 40640K, reserved 1089536K
  class space    used 4624K, committed 4800K, reserved 1048576K
}
Event: 26.851 GC heap after
{Heap after GC invocations=16 (full 0):
 garbage-first heap   total 29696K, used 15476K [0x0000000084c00000, 0x0000000100000000)
  region size 1024K, 1 young (1024K), 1 survivors (1024K)
 Metaspace       used 40278K, committed 40640K, reserved 1089536K
  class space    used 4624K, committed 4800K, reserved 1048576K
}
Event: 27.061 GC heap before
{Heap before GC invocations=16 (full 0):
 garbage-first heap   total 29696K, used 21620K [0x0000000084c00000, 0x0000000100000000)
  region size 1024K, 8 young (8192K), 1 survivors (1024K)
 Metaspace       used 42252K, committed 42624K, reserved 1089536K
  class space    used 4754K, committed 4928K, reserved 1048576K
}
Event: 27.063 GC heap after
{Heap after GC invocations=17 (full 0):
 garbage-first heap   total 29696K, used 15830K [0x0000000084c00000, 0x0000000100000000)
  region size 1024K, 1 young (1024K), 1 survivors (1024K)
 Metaspace       used 42252K, committed 42624K, reserved 1089536K
  class space    used 4754K, committed 4928K, reserved 1048576K
}
Event: 27.257 GC heap before
{Heap before GC invocations=18 (full 0):
 garbage-first heap   total 29696K, used 21974K [0x0000000084c00000, 0x0000000100000000)
  region size 1024K, 8 young (8192K), 1 survivors (1024K)
 Metaspace       used 43865K, committed 44224K, reserved 1089536K
  class space    used 4903K, committed 5056K, reserved 1048576K
}
Event: 27.259 GC heap after
{Heap after GC invocations=19 (full 0):
 garbage-first heap   total 29696K, used 16125K [0x0000000084c00000, 0x0000000100000000)
  region size 1024K, 1 young (1024K), 1 survivors (1024K)
 Metaspace       used 43865K, committed 44224K, reserved 1089536K
  class space    used 4903K, committed 5056K, reserved 1048576K
}
Event: 27.419 GC heap before
{Heap before GC invocations=19 (full 0):
 garbage-first heap   total 29696K, used 16125K [0x0000000084c00000, 0x0000000100000000)
  region size 1024K, 2 young (2048K), 1 survivors (1024K)
 Metaspace       used 44513K, committed 44864K, reserved 1089536K
  class space    used 4946K, committed 5120K, reserved 1048576K
}
Event: 27.423 GC heap after
{Heap after GC invocations=20 (full 0):
 garbage-first heap   total 29696K, used 15832K [0x0000000084c00000, 0x0000000100000000)
  region size 1024K, 1 young (1024K), 1 survivors (1024K)
 Metaspace       used 44513K, committed 44864K, reserved 1089536K
  class space    used 4946K, committed 5120K, reserved 1048576K
}
Event: 27.776 GC heap before
{Heap before GC invocations=20 (full 0):
 garbage-first heap   total 29696K, used 21976K [0x0000000084c00000, 0x0000000100000000)
  region size 1024K, 8 young (8192K), 1 survivors (1024K)
 Metaspace       used 45708K, committed 46016K, reserved 1097728K
  class space    used 5042K, committed 5184K, reserved 1048576K
}
Event: 27.778 GC heap after
{Heap after GC invocations=21 (full 0):
 garbage-first heap   total 29696K, used 16241K [0x0000000084c00000, 0x0000000100000000)
  region size 1024K, 1 young (1024K), 1 survivors (1024K)
 Metaspace       used 45708K, committed 46016K, reserved 1097728K
  class space    used 5042K, committed 5184K, reserved 1048576K
}
Event: 375.081 GC heap before
{Heap before GC invocations=22 (full 0):
 garbage-first heap   total 29696K, used 24433K [0x0000000084c00000, 0x0000000100000000)
  region size 1024K, 9 young (9216K), 1 survivors (1024K)
 Metaspace       used 46775K, committed 47104K, reserved 1097728K
  class space    used 5136K, committed 5312K, reserved 1048576K
}
Event: 375.114 GC heap after
{Heap after GC invocations=23 (full 0):
 garbage-first heap   total 29696K, used 16502K [0x0000000084c00000, 0x0000000100000000)
  region size 1024K, 2 young (2048K), 2 survivors (2048K)
 Metaspace       used 46775K, committed 47104K, reserved 1097728K
  class space    used 5136K, committed 5312K, reserved 1048576K
}

